This file contains any messages produced by compilers while
running configure, to aid debugging if configure makes a mistake.

It was created by configure, which was
generated by GNU Autoconf 2.61.  Invocation command line was

  $ ./configure --silent CC= LD= AR= CFLAGS=

## --------- ##
## Platform. ##
## --------- ##

hostname = lifelinevm.net
uname -m = i686
uname -r = 2.6.32-27-generic-pae
uname -s = Linux
uname -v = #49-Ubuntu SMP Thu Dec 2 00:07:52 UTC 2010

/usr/bin/uname -p = unknown
/bin/uname -X     = unknown

/bin/arch              = unknown
/usr/bin/arch -k       = unknown
/usr/convex/getsysinfo = unknown
/usr/bin/hostinfo      = unknown
/bin/machine           = unknown
/usr/bin/oslevel       = unknown
/bin/universe          = unknown

PATH: /home/asterisk/mysql-bin
PATH: /usr/local/asterisk/bin
PATH: /usr/local/asterisk/sbin
PATH: /home/asterisk/bin
PATH: /usr/local/sbin
PATH: /usr/local/bin
PATH: /usr/sbin
PATH: /usr/bin
PATH: /sbin
PATH: /bin
PATH: /usr/games


## ----------- ##
## Core tests. ##
## ----------- ##

configure:1768: checking build system type
configure:1786: result: i686-pc-linux-gnu
configure:1808: checking host system type
configure:1823: result: i686-pc-linux-gnu
configure:1904: checking for gcc
configure:1920: found /usr/bin/gcc
configure:1931: result: gcc
configure:2169: checking for C compiler version
configure:2176: gcc --version >&5
gcc (Ubuntu 4.4.3-4ubuntu5) 4.4.3
Copyright (C) 2009 Free Software Foundation, Inc.
This is free software; see the source for copying conditions.  There is NO
warranty; not even for MERCHANTABILITY or FITNESS FOR A PARTICULAR PURPOSE.

configure:2179: $? = 0
configure:2186: gcc -v >&5
Using built-in specs.
Target: i486-linux-gnu
Configured with: ../src/configure -v --with-pkgversion='Ubuntu 4.4.3-4ubuntu5' --with-bugurl=file:///usr/share/doc/gcc-4.4/README.Bugs --enable-languages=c,c++,fortran,objc,obj-c++ --prefix=/usr --enable-shared --enable-multiarch --enable-linker-build-id --with-system-zlib --libexecdir=/usr/lib --without-included-gettext --enable-threads=posix --with-gxx-include-dir=/usr/include/c++/4.4 --program-suffix=-4.4 --enable-nls --enable-clocale=gnu --enable-libstdcxx-debug --enable-plugin --enable-objc-gc --enable-targets=all --disable-werror --with-arch-32=i486 --with-tune=generic --enable-checking=release --build=i486-linux-gnu --host=i486-linux-gnu --target=i486-linux-gnu
Thread model: posix
gcc version 4.4.3 (Ubuntu 4.4.3-4ubuntu5) 
configure:2189: $? = 0
configure:2196: gcc -V >&5
gcc: '-V' option must have argument
configure:2199: $? = 1
configure:2222: checking for C compiler default output file name
configure:2249: gcc    conftest.c  >&5
configure:2252: $? = 0
configure:2290: result: a.out
configure:2307: checking whether the C compiler works
configure:2317: ./a.out
configure:2320: $? = 0
configure:2337: result: yes
configure:2344: checking whether we are cross compiling
configure:2346: result: no
configure:2349: checking for suffix of executables
configure:2356: gcc -o conftest    conftest.c  >&5
configure:2359: $? = 0
configure:2383: result: 
configure:2389: checking for suffix of object files
configure:2415: gcc -c   conftest.c >&5
configure:2418: $? = 0
configure:2441: result: o
configure:2445: checking whether we are using the GNU C compiler
configure:2474: gcc -c   conftest.c >&5
configure:2480: $? = 0
configure:2497: result: yes
configure:2502: checking whether gcc accepts -g
configure:2532: gcc -c -g  conftest.c >&5
configure:2538: $? = 0
configure:2637: result: yes
configure:2654: checking for gcc option to accept ISO C89
configure:2728: gcc  -c   conftest.c >&5
configure:2734: $? = 0
configure:2757: result: none needed
configure:2775: checking for GNU make
configure:2794: result: make
configure:2828: checking checking for compiler 'attribute weak_import' support
configure:2857: gcc -c  -Wall -Wno-unused -Werror  conftest.c >&5
cc1: warnings being treated as errors
conftest.c:8: error: 'weak_import' attribute directive ignored
configure:2863: $? = 1
configure: failed program was:
| /* confdefs.h.  */
| #define PACKAGE_NAME ""
| #define PACKAGE_TARNAME ""
| #define PACKAGE_VERSION ""
| #define PACKAGE_STRING ""
| #define PACKAGE_BUGREPORT ""
| /* end confdefs.h.  */
|  void __attribute__((weak_import)) *test(void *muffin, ...) {return (void *) 0;}
| int
| main ()
| {
| 
|   ;
|   return 0;
| }
configure:2880: result: no
configure:2943: checking checking for compiler 'attribute weakref' support
configure:2972: gcc -c  -Wall -Wno-unused -Werror  conftest.c >&5
configure:2978: $? = 0
configure:2983: result: yes
configure:3063: checking how to run the C preprocessor
configure:3103: gcc -E  conftest.c
configure:3109: $? = 0
configure:3140: gcc -E  conftest.c
conftest.c:9:28: error: ac_nonexistent.h: No such file or directory
configure:3146: $? = 1
configure: failed program was:
| /* confdefs.h.  */
| #define PACKAGE_NAME ""
| #define PACKAGE_TARNAME ""
| #define PACKAGE_VERSION ""
| #define PACKAGE_STRING ""
| #define PACKAGE_BUGREPORT ""
| #define HAVE_ATTRIBUTE_weakref 1
| /* end confdefs.h.  */
| #include <ac_nonexistent.h>
configure:3179: result: gcc -E
configure:3208: gcc -E  conftest.c
configure:3214: $? = 0
configure:3245: gcc -E  conftest.c
conftest.c:9:28: error: ac_nonexistent.h: No such file or directory
configure:3251: $? = 1
configure: failed program was:
| /* confdefs.h.  */
| #define PACKAGE_NAME ""
| #define PACKAGE_TARNAME ""
| #define PACKAGE_VERSION ""
| #define PACKAGE_STRING ""
| #define PACKAGE_BUGREPORT ""
| #define HAVE_ATTRIBUTE_weakref 1
| /* end confdefs.h.  */
| #include <ac_nonexistent.h>
configure:3289: checking for grep that handles long lines and -e
configure:3363: result: /bin/grep
configure:3368: checking for egrep
configure:3446: result: /bin/grep -E
configure:3451: checking for ANSI C header files
configure:3481: gcc -c   conftest.c >&5
configure:3487: $? = 0
configure:3586: gcc -o conftest    conftest.c  >&5
configure:3589: $? = 0
configure:3595: ./conftest
configure:3598: $? = 0
configure:3615: result: yes
configure:3639: checking for sys/types.h
configure:3660: gcc -c   conftest.c >&5
configure:3666: $? = 0
configure:3682: result: yes
configure:3639: checking for sys/stat.h
configure:3660: gcc -c   conftest.c >&5
configure:3666: $? = 0
configure:3682: result: yes
configure:3639: checking for stdlib.h
configure:3660: gcc -c   conftest.c >&5
configure:3666: $? = 0
configure:3682: result: yes
configure:3639: checking for string.h
configure:3660: gcc -c   conftest.c >&5
configure:3666: $? = 0
configure:3682: result: yes
configure:3639: checking for memory.h
configure:3660: gcc -c   conftest.c >&5
configure:3666: $? = 0
configure:3682: result: yes
configure:3639: checking for strings.h
configure:3660: gcc -c   conftest.c >&5
configure:3666: $? = 0
configure:3682: result: yes
configure:3639: checking for inttypes.h
configure:3660: gcc -c   conftest.c >&5
configure:3666: $? = 0
configure:3682: result: yes
configure:3639: checking for stdint.h
configure:3660: gcc -c   conftest.c >&5
configure:3666: $? = 0
configure:3682: result: yes
configure:3639: checking for unistd.h
configure:3660: gcc -c   conftest.c >&5
configure:3666: $? = 0
configure:3682: result: yes
configure:3696: checking for working alloca.h
configure:3723: gcc -o conftest    conftest.c  >&5
configure:3729: $? = 0
configure:3746: result: yes
configure:3756: checking for alloca
configure:3803: gcc -o conftest    conftest.c  >&5
configure:3809: $? = 0
configure:3826: result: yes
configure:4065: checking for asprintf
configure:4121: gcc -o conftest    conftest.c  >&5
configure:4127: $? = 0
configure:4145: result: yes
configure:4065: checking for getloadavg
configure:4121: gcc -o conftest    conftest.c  >&5
configure:4127: $? = 0
configure:4145: result: yes
configure:4065: checking for setenv
configure:4121: gcc -o conftest    conftest.c  >&5
configure:4127: $? = 0
configure:4145: result: yes
configure:4065: checking for strcasestr
configure:4121: gcc -o conftest    conftest.c  >&5
configure:4127: $? = 0
configure:4145: result: yes
configure:4065: checking for strndup
configure:4121: gcc -o conftest    conftest.c  >&5
conftest.c:48: warning: conflicting types for built-in function 'strndup'
configure:4127: $? = 0
configure:4145: result: yes
configure:4065: checking for strnlen
configure:4121: gcc -o conftest    conftest.c  >&5
configure:4127: $? = 0
configure:4145: result: yes
configure:4065: checking for strsep
configure:4121: gcc -o conftest    conftest.c  >&5
configure:4127: $? = 0
configure:4145: result: yes
configure:4065: checking for unsetenv
configure:4121: gcc -o conftest    conftest.c  >&5
configure:4127: $? = 0
configure:4145: result: yes
configure:4065: checking for vasprintf
configure:4121: gcc -o conftest    conftest.c  >&5
configure:4127: $? = 0
configure:4145: result: yes
configure:4250: checking for newtBell in -lnewt
configure:4285: gcc -o conftest    conftest.c -lnewt    >&5
/usr/bin/ld: cannot find -lnewt
collect2: ld returned 1 exit status
configure:4291: $? = 1
configure: failed program was:
| /* confdefs.h.  */
| #define PACKAGE_NAME ""
| #define PACKAGE_TARNAME ""
| #define PACKAGE_VERSION ""
| #define PACKAGE_STRING ""
| #define PACKAGE_BUGREPORT ""
| #define HAVE_ATTRIBUTE_weakref 1
| #define STDC_HEADERS 1
| #define HAVE_SYS_TYPES_H 1
| #define HAVE_SYS_STAT_H 1
| #define HAVE_STDLIB_H 1
| #define HAVE_STRING_H 1
| #define HAVE_MEMORY_H 1
| #define HAVE_STRINGS_H 1
| #define HAVE_INTTYPES_H 1
| #define HAVE_STDINT_H 1
| #define HAVE_UNISTD_H 1
| #define HAVE_ALLOCA_H 1
| #define HAVE_ALLOCA 1
| #define HAVE_ASPRINTF 1
| #define HAVE_GETLOADAVG 1
| #define HAVE_SETENV 1
| #define HAVE_STRCASESTR 1
| #define HAVE_STRNDUP 1
| #define HAVE_STRNLEN 1
| #define HAVE_STRSEP 1
| #define HAVE_UNSETENV 1
| #define HAVE_VASPRINTF 1
| /* end confdefs.h.  */
| 
| /* Override any GCC internal prototype to avoid an error.
|    Use char because int might match the return type of a GCC
|    builtin and then its argument prototype would still apply.  */
| #ifdef __cplusplus
| extern "C"
| #endif
| char newtBell ();
| int
| main ()
| {
| return newtBell ();
|   ;
|   return 0;
| }
configure:4309: result: no
configure:4645: checking for initscr in -lcurses
configure:4680: gcc -o conftest    conftest.c -lcurses    >&5
configure:4686: $? = 0
configure:4704: result: yes
configure:4868: checking curses.h usability
configure:4885: gcc -c   conftest.c >&5
configure:4891: $? = 0
configure:4905: result: yes
configure:4909: checking curses.h presence
configure:4924: gcc -E  conftest.c
configure:4930: $? = 0
configure:4944: result: yes
configure:4972: checking for curses.h
configure:4979: result: yes
configure:5040: checking for initscr in -lncurses
configure:5075: gcc -o conftest    conftest.c -lncurses    >&5
configure:5081: $? = 0
configure:5099: result: yes
configure:5254: checking for curses.h
configure:5259: result: yes
configure:5470: checking for pkg-config
configure:5500: result: no
configure:5643: creating ./config.status

## ---------------------- ##
## Running config.status. ##
## ---------------------- ##

This file was extended by config.status, which was
generated by GNU Autoconf 2.61.  Invocation command line was

  CONFIG_FILES    = 
  CONFIG_HEADERS  = 
  CONFIG_LINKS    = 
  CONFIG_COMMANDS = 
  $ ./config.status --quiet

on lifelinevm.net

config.status:617: creating makeopts
config.status:617: creating autoconfig.h
configure:6722: === configuring in mxml (/home/asterisk/svn/lifelinevm/telephony/asterisk-1.6/menuselect/mxml)
configure:6825: running /bin/sh ./configure --silent '--prefix=/usr/local'  'CC=' 'LD=' 'AR=' 'CFLAGS=' --cache-file=/dev/null --srcdir=.
configure:6840: Menuselect build configuration successfully completed

## ---------------- ##
## Cache variables. ##
## ---------------- ##

ac_cv_GNU_MAKE=make
ac_cv_GNU_MAKE_VERSION_MAJOR=3
ac_cv_GNU_MAKE_VERSION_MINOR=81
ac_cv_build=i686-pc-linux-gnu
ac_cv_c_compiler_gnu=yes
ac_cv_env_CC_set=set
ac_cv_env_CC_value=
ac_cv_env_CFLAGS_set=set
ac_cv_env_CFLAGS_value=
ac_cv_env_CPPFLAGS_set=
ac_cv_env_CPPFLAGS_value=
ac_cv_env_CPP_set=
ac_cv_env_CPP_value=
ac_cv_env_LDFLAGS_set=
ac_cv_env_LDFLAGS_value=
ac_cv_env_LIBS_set=
ac_cv_env_LIBS_value=
ac_cv_env_build_alias_set=
ac_cv_env_build_alias_value=
ac_cv_env_host_alias_set=
ac_cv_env_host_alias_value=
ac_cv_env_target_alias_set=
ac_cv_env_target_alias_value=
ac_cv_func_alloca_works=yes
ac_cv_func_asprintf=yes
ac_cv_func_getloadavg=yes
ac_cv_func_setenv=yes
ac_cv_func_strcasestr=yes
ac_cv_func_strndup=yes
ac_cv_func_strnlen=yes
ac_cv_func_strsep=yes
ac_cv_func_unsetenv=yes
ac_cv_func_vasprintf=yes
ac_cv_header_curses_h=yes
ac_cv_header_inttypes_h=yes
ac_cv_header_memory_h=yes
ac_cv_header_stdc=yes
ac_cv_header_stdint_h=yes
ac_cv_header_stdlib_h=yes
ac_cv_header_string_h=yes
ac_cv_header_strings_h=yes
ac_cv_header_sys_stat_h=yes
ac_cv_header_sys_types_h=yes
ac_cv_header_unistd_h=yes
ac_cv_host=i686-pc-linux-gnu
ac_cv_lib_curses_initscr=yes
ac_cv_lib_ncurses_initscr=yes
ac_cv_lib_newt_newtBell=no
ac_cv_objext=o
ac_cv_path_EGREP='/bin/grep -E'
ac_cv_path_GREP=/bin/grep
ac_cv_prog_CPP='gcc -E'
ac_cv_prog_ac_ct_CC=gcc
ac_cv_prog_cc_c89=
ac_cv_prog_cc_g=yes
ac_cv_working_alloca_h=yes

## ----------------- ##
## Output variables. ##
## ----------------- ##

ALLOCA=''
CC='gcc'
CFLAGS=''
CPP='gcc -E'
CPPFLAGS=''
CURSES_INCLUDE=''
CURSES_LIB='-lcurses '
DEFS='-DHAVE_CONFIG_H'
ECHO_C=''
ECHO_N='-n'
ECHO_T=''
EGREP='/bin/grep -E'
EXEEXT=''
GNU_MAKE='make'
GREP='/bin/grep'
GTK2_INCLUDE=''
GTK2_LIB=''
HOST_OS='linux-gnu'
LDFLAGS=''
LIBOBJS=''
LIBS=''
LTLIBOBJS=''
MENUSELECT_DEBUG=''
NCURSES_INCLUDE=''
NCURSES_LIB='-lncurses '
NEWT_INCLUDE=''
NEWT_LIB=''
OBJEXT='o'
PACKAGE_BUGREPORT=''
PACKAGE_NAME=''
PACKAGE_STRING=''
PACKAGE_TARNAME=''
PACKAGE_VERSION=''
PATH_SEPARATOR=':'
PBX_CURSES='1'
PBX_GTK2='0'
PBX_NCURSES='1'
PBX_NEWT='0'
PKGCONFIG='No'
SHELL='/bin/sh'
ac_ct_CC='gcc'
bindir='${exec_prefix}/bin'
build='i686-pc-linux-gnu'
build_alias=''
build_cpu='i686'
build_os='linux-gnu'
build_vendor='pc'
datadir='${datarootdir}'
datarootdir='${prefix}/share'
docdir='${datarootdir}/doc/${PACKAGE}'
dvidir='${docdir}'
exec_prefix='${prefix}'
host='i686-pc-linux-gnu'
host_alias=''
host_cpu='i686'
host_os='linux-gnu'
host_vendor='pc'
htmldir='${docdir}'
includedir='${prefix}/include'
infodir='${datarootdir}/info'
libdir='${exec_prefix}/lib'
libexecdir='${exec_prefix}/libexec'
localedir='${datarootdir}/locale'
localstatedir='${prefix}/var'
mandir='${datarootdir}/man'
oldincludedir='/usr/include'
pdfdir='${docdir}'
prefix='/usr/local'
program_transform_name='s,x,x,'
psdir='${docdir}'
sbindir='${exec_prefix}/sbin'
sharedstatedir='${prefix}/com'
subdirs=' mxml'
sysconfdir='${prefix}/etc'
target_alias=''

## ----------- ##
## confdefs.h. ##
## ----------- ##

#define PACKAGE_NAME ""
#define PACKAGE_TARNAME ""
#define PACKAGE_VERSION ""
#define PACKAGE_STRING ""
#define PACKAGE_BUGREPORT ""
#define HAVE_ATTRIBUTE_weakref 1
#define STDC_HEADERS 1
#define HAVE_SYS_TYPES_H 1
#define HAVE_SYS_STAT_H 1
#define HAVE_STDLIB_H 1
#define HAVE_STRING_H 1
#define HAVE_MEMORY_H 1
#define HAVE_STRINGS_H 1
#define HAVE_INTTYPES_H 1
#define HAVE_STDINT_H 1
#define HAVE_UNISTD_H 1
#define HAVE_ALLOCA_H 1
#define HAVE_ALLOCA 1
#define HAVE_ASPRINTF 1
#define HAVE_GETLOADAVG 1
#define HAVE_SETENV 1
#define HAVE_STRCASESTR 1
#define HAVE_STRNDUP 1
#define HAVE_STRNLEN 1
#define HAVE_STRSEP 1
#define HAVE_UNSETENV 1
#define HAVE_VASPRINTF 1
#define HAVE_CURSES 1
#define HAVE_NCURSES 1

configure: exit 0
